<?xml version="1.0" encoding="UTF-8"?>
<testng-results ignored="0" total="1" passed="1" failed="0" skipped="0">
  <reporter-output>
  </reporter-output>
  <suite started-at="2020-02-20T09:46:01 CST" name="Default suite" finished-at="2020-02-20T09:46:15 CST" duration-ms="13437">
    <groups>
    </groups>
    <test started-at="2020-02-20T09:46:01 CST" name="Default test" finished-at="2020-02-20T09:46:15 CST" duration-ms="13437">
      <class name="automation.PestRoutes.Controller.CustomerCreation.CreateNewCustomer">
        <test-method is-config="true" signature="beforeTest()[pri:0, instance:automation.PestRoutes.Controller.CustomerCreation.CreateNewCustomer@14bb2297]" started-at="2020-02-20T09:46:01 CST" name="beforeTest" finished-at="2020-02-20T09:46:08 CST" duration-ms="6998" status="PASS">
          <reporter-output>
          </reporter-output>
        </test-method> <!-- beforeTest -->
        <test-method signature="CreateCustomer()[pri:0, instance:automation.PestRoutes.Controller.CustomerCreation.CreateNewCustomer@14bb2297]" started-at="2020-02-20T09:46:08 CST" name="CreateCustomer" finished-at="2020-02-20T09:46:15 CST" duration-ms="6189" status="PASS">
          <reporter-output>
          </reporter-output>
        </test-method> <!-- CreateCustomer -->
        <test-method is-config="true" signature="afterTest()[pri:0, instance:automation.PestRoutes.Controller.CustomerCreation.CreateNewCustomer@14bb2297]" started-at="2020-02-20T09:46:15 CST" name="afterTest" finished-at="2020-02-20T09:46:15 CST" duration-ms="224" status="PASS">
          <reporter-output>
          </reporter-output>
        </test-method> <!-- afterTest -->
      </class> <!-- automation.PestRoutes.Controller.CustomerCreation.CreateNewCustomer -->
    </test> <!-- Default test -->
  </suite> <!-- Default suite -->
</testng-results>
